;  LST file generated by mikroListExporter - v.2.0 
; Date/Time: 25/01/2020 14:20:41
;----------------------------------------------

;Address Opcode 	ASM
0x0000	0x2BA4      	GOTO       932
_wail:
;SireneSt01.c,8 :: 		void wail(void){
;SireneSt01.c,10 :: 		if(sel1 == 0 && sel2 == 0 && sel3 == 1){  //wail
0x0003	0x1283      	BCF        STATUS, 5
0x0004	0x1303      	BCF        STATUS, 6
0x0005	0x1885      	BTFSC      RA1_bit, BitPos(RA1_bit+0)
0x0006	0x28CE      	GOTO       L_wail2
0x0007	0x1805      	BTFSC      RA0_bit, BitPos(RA0_bit+0)
0x0008	0x28CE      	GOTO       L_wail2
0x0009	0x1F85      	BTFSS      RA7_bit, BitPos(RA7_bit+0)
0x000A	0x28CE      	GOTO       L_wail2
L__wail223:
;SireneSt01.c,11 :: 		freq = 110;                  //110
0x000B	0x306E      	MOVLW      110
0x000C	0x00F7      	MOVWF      R7
0x000D	0x3000      	MOVLW      0
0x000E	0x00F8      	MOVWF      R7+1
;SireneSt01.c,12 :: 		for(d = 0;d < 63;d++){      //70
0x000F	0x01F5      	CLRF       R5
0x0010	0x01F6      	CLRF       R5+1
L_wail3:
0x0011	0x3080      	MOVLW      128
0x0012	0x0676      	XORWF      R5+1, 0
0x0013	0x00F0      	MOVWF      R0
0x0014	0x3080      	MOVLW      128
0x0015	0x0270      	SUBWF      R0, 0
0x0016	0x1D03      	BTFSS      STATUS, 2
0x0017	0x281A      	GOTO       L__wail250
0x0018	0x303F      	MOVLW      63
0x0019	0x0275      	SUBWF      R5, 0
L__wail250:
0x001A	0x1803      	BTFSC      STATUS, 0
0x001B	0x286F      	GOTO       L_wail4
;SireneSt01.c,13 :: 		if(sel1 == 0 && sel2 == 0 && sel3 == 1){
0x001C	0x1885      	BTFSC      RA1_bit, BitPos(RA1_bit+0)
0x001D	0x2867      	GOTO       L_wail8
0x001E	0x1805      	BTFSC      RA0_bit, BitPos(RA0_bit+0)
0x001F	0x2867      	GOTO       L_wail8
0x0020	0x1F85      	BTFSS      RA7_bit, BitPos(RA7_bit+0)
0x0021	0x2867      	GOTO       L_wail8
L__wail222:
;SireneSt01.c,14 :: 		for(b = 0;b < 20;b++){     //20
0x0022	0x01F3      	CLRF       R3
0x0023	0x01F4      	CLRF       R3+1
L_wail9:
0x0024	0x3080      	MOVLW      128
0x0025	0x0674      	XORWF      R3+1, 0
0x0026	0x00F0      	MOVWF      R0
0x0027	0x3080      	MOVLW      128
0x0028	0x0270      	SUBWF      R0, 0
0x0029	0x1D03      	BTFSS      STATUS, 2
0x002A	0x282D      	GOTO       L__wail251
0x002B	0x3014      	MOVLW      20
0x002C	0x0273      	SUBWF      R3, 0
L__wail251:
0x002D	0x1803      	BTFSC      STATUS, 0
0x002E	0x2867      	GOTO       L_wail10
;SireneSt01.c,15 :: 		som1 = 1;
0x002F	0x1786      	BSF        RB7_bit, BitPos(RB7_bit+0)
;SireneSt01.c,16 :: 		som2 = 0;
0x0030	0x1306      	BCF        RB6_bit, BitPos(RB6_bit+0)
;SireneSt01.c,17 :: 		if(sel1 == 0 && sel2 == 0 && sel3 == 1)for(a=0;a<freq;a++);
0x0031	0x1885      	BTFSC      RA1_bit, BitPos(RA1_bit+0)
0x0032	0x2849      	GOTO       L_wail14
0x0033	0x1805      	BTFSC      RA0_bit, BitPos(RA0_bit+0)
0x0034	0x2849      	GOTO       L_wail14
0x0035	0x1F85      	BTFSS      RA7_bit, BitPos(RA7_bit+0)
0x0036	0x2849      	GOTO       L_wail14
L__wail221:
0x0037	0x01F1      	CLRF       R1
0x0038	0x01F2      	CLRF       R1+1
L_wail15:
0x0039	0x3080      	MOVLW      128
0x003A	0x0672      	XORWF      R1+1, 0
0x003B	0x00F0      	MOVWF      R0
0x003C	0x3080      	MOVLW      128
0x003D	0x0678      	XORWF      R7+1, 0
0x003E	0x0270      	SUBWF      R0, 0
0x003F	0x1D03      	BTFSS      STATUS, 2
0x0040	0x2843      	GOTO       L__wail252
0x0041	0x0877      	MOVF       R7, 0
0x0042	0x0271      	SUBWF      R1, 0
L__wail252:
0x0043	0x1803      	BTFSC      STATUS, 0
0x0044	0x2849      	GOTO       L_wail16
0x0045	0x0AF1      	INCF       R1, 1
0x0046	0x1903      	BTFSC      STATUS, 2
0x0047	0x0AF2      	INCF       R1+1, 1
0x0048	0x2839      	GOTO       L_wail15
L_wail16:
L_wail14:
;SireneSt01.c,18 :: 		som1 = 0;
0x0049	0x1386      	BCF        RB7_bit, BitPos(RB7_bit+0)
;SireneSt01.c,19 :: 		som2 = 1;
0x004A	0x1706      	BSF        RB6_bit, BitPos(RB6_bit+0)
;SireneSt01.c,20 :: 		if(sel1 == 0 && sel2 == 0 && sel3 == 1)for(a=0;a<freq;a++);
0x004B	0x1885      	BTFSC      RA1_bit, BitPos(RA1_bit+0)
0x004C	0x2863      	GOTO       L_wail20
0x004D	0x1805      	BTFSC      RA0_bit, BitPos(RA0_bit+0)
0x004E	0x2863      	GOTO       L_wail20
0x004F	0x1F85      	BTFSS      RA7_bit, BitPos(RA7_bit+0)
0x0050	0x2863      	GOTO       L_wail20
L__wail220:
0x0051	0x01F1      	CLRF       R1
0x0052	0x01F2      	CLRF       R1+1
L_wail21:
0x0053	0x3080      	MOVLW      128
0x0054	0x0672      	XORWF      R1+1, 0
0x0055	0x00F0      	MOVWF      R0
0x0056	0x3080      	MOVLW      128
0x0057	0x0678      	XORWF      R7+1, 0
0x0058	0x0270      	SUBWF      R0, 0
0x0059	0x1D03      	BTFSS      STATUS, 2
0x005A	0x285D      	GOTO       L__wail253
0x005B	0x0877      	MOVF       R7, 0
0x005C	0x0271      	SUBWF      R1, 0
L__wail253:
0x005D	0x1803      	BTFSC      STATUS, 0
0x005E	0x2863      	GOTO       L_wail22
0x005F	0x0AF1      	INCF       R1, 1
0x0060	0x1903      	BTFSC      STATUS, 2
0x0061	0x0AF2      	INCF       R1+1, 1
0x0062	0x2853      	GOTO       L_wail21
L_wail22:
L_wail20:
;SireneSt01.c,14 :: 		for(b = 0;b < 20;b++){     //20
0x0063	0x0AF3      	INCF       R3, 1
0x0064	0x1903      	BTFSC      STATUS, 2
0x0065	0x0AF4      	INCF       R3+1, 1
;SireneSt01.c,21 :: 		}//end for
0x0066	0x2824      	GOTO       L_wail9
L_wail10:
;SireneSt01.c,22 :: 		}//end if
L_wail8:
;SireneSt01.c,23 :: 		freq--;
0x0067	0x3001      	MOVLW      1
0x0068	0x02F7      	SUBWF      R7, 1
0x0069	0x1C03      	BTFSS      STATUS, 0
0x006A	0x03F8      	DECF       R7+1, 1
;SireneSt01.c,12 :: 		for(d = 0;d < 63;d++){      //70
0x006B	0x0AF5      	INCF       R5, 1
0x006C	0x1903      	BTFSC      STATUS, 2
0x006D	0x0AF6      	INCF       R5+1, 1
;SireneSt01.c,24 :: 		}//end for
0x006E	0x2811      	GOTO       L_wail3
L_wail4:
;SireneSt01.c,25 :: 		for(d = 0;d < 63;d++){    //70
0x006F	0x01F5      	CLRF       R5
0x0070	0x01F6      	CLRF       R5+1
L_wail24:
0x0071	0x3080      	MOVLW      128
0x0072	0x0676      	XORWF      R5+1, 0
0x0073	0x00F0      	MOVWF      R0
0x0074	0x3080      	MOVLW      128
0x0075	0x0270      	SUBWF      R0, 0
0x0076	0x1D03      	BTFSS      STATUS, 2
0x0077	0x287A      	GOTO       L__wail254
0x0078	0x303F      	MOVLW      63
0x0079	0x0275      	SUBWF      R5, 0
L__wail254:
0x007A	0x1803      	BTFSC      STATUS, 0
0x007B	0x28CE      	GOTO       L_wail25
;SireneSt01.c,26 :: 		if(sel1 == 0 && sel2 == 0 && sel3 == 1){
0x007C	0x1885      	BTFSC      RA1_bit, BitPos(RA1_bit+0)
0x007D	0x28C7      	GOTO       L_wail29
0x007E	0x1805      	BTFSC      RA0_bit, BitPos(RA0_bit+0)
0x007F	0x28C7      	GOTO       L_wail29
0x0080	0x1F85      	BTFSS      RA7_bit, BitPos(RA7_bit+0)
0x0081	0x28C7      	GOTO       L_wail29
L__wail219:
;SireneSt01.c,27 :: 		for(b = 0;b < 20;b++){   //20
0x0082	0x01F3      	CLRF       R3
0x0083	0x01F4      	CLRF       R3+1
L_wail30:
0x0084	0x3080      	MOVLW      128
0x0085	0x0674      	XORWF      R3+1, 0
0x0086	0x00F0      	MOVWF      R0
0x0087	0x3080      	MOVLW      128
0x0088	0x0270      	SUBWF      R0, 0
0x0089	0x1D03      	BTFSS      STATUS, 2
0x008A	0x288D      	GOTO       L__wail255
0x008B	0x3014      	MOVLW      20
0x008C	0x0273      	SUBWF      R3, 0
L__wail255:
0x008D	0x1803      	BTFSC      STATUS, 0
0x008E	0x28C7      	GOTO       L_wail31
;SireneSt01.c,28 :: 		som1 = 1;
0x008F	0x1786      	BSF        RB7_bit, BitPos(RB7_bit+0)
;SireneSt01.c,29 :: 		som2 = 0;
0x0090	0x1306      	BCF        RB6_bit, BitPos(RB6_bit+0)
;SireneSt01.c,30 :: 		if(sel1 == 0 && sel2 == 0 && sel3 == 1)for(a=0;a<freq;a++);
0x0091	0x1885      	BTFSC      RA1_bit, BitPos(RA1_bit+0)
0x0092	0x28A9      	GOTO       L_wail35
0x0093	0x1805      	BTFSC      RA0_bit, BitPos(RA0_bit+0)
0x0094	0x28A9      	GOTO       L_wail35
0x0095	0x1F85      	BTFSS      RA7_bit, BitPos(RA7_bit+0)
0x0096	0x28A9      	GOTO       L_wail35
L__wail218:
0x0097	0x01F1      	CLRF       R1
0x0098	0x01F2      	CLRF       R1+1
L_wail36:
0x0099	0x3080      	MOVLW      128
0x009A	0x0672      	XORWF      R1+1, 0
0x009B	0x00F0      	MOVWF      R0
0x009C	0x3080      	MOVLW      128
0x009D	0x0678      	XORWF      R7+1, 0
0x009E	0x0270      	SUBWF      R0, 0
0x009F	0x1D03      	BTFSS      STATUS, 2
0x00A0	0x28A3      	GOTO       L__wail256
0x00A1	0x0877      	MOVF       R7, 0
0x00A2	0x0271      	SUBWF      R1, 0
L__wail256:
0x00A3	0x1803      	BTFSC      STATUS, 0
0x00A4	0x28A9      	GOTO       L_wail37
0x00A5	0x0AF1      	INCF       R1, 1
0x00A6	0x1903      	BTFSC      STATUS, 2
0x00A7	0x0AF2      	INCF       R1+1, 1
0x00A8	0x2899      	GOTO       L_wail36
L_wail37:
L_wail35:
;SireneSt01.c,31 :: 		som1 = 0;
0x00A9	0x1386      	BCF        RB7_bit, BitPos(RB7_bit+0)
;SireneSt01.c,32 :: 		som2 = 1;
0x00AA	0x1706      	BSF        RB6_bit, BitPos(RB6_bit+0)
;SireneSt01.c,33 :: 		if(sel1 == 0 && sel2 == 0 && sel3 == 1)for(a=0;a<freq;a++);
0x00AB	0x1885      	BTFSC      RA1_bit, BitPos(RA1_bit+0)
0x00AC	0x28C3      	GOTO       L_wail41
0x00AD	0x1805      	BTFSC      RA0_bit, BitPos(RA0_bit+0)
0x00AE	0x28C3      	GOTO       L_wail41
0x00AF	0x1F85      	BTFSS      RA7_bit, BitPos(RA7_bit+0)
0x00B0	0x28C3      	GOTO       L_wail41
L__wail217:
0x00B1	0x01F1      	CLRF       R1
0x00B2	0x01F2      	CLRF       R1+1
L_wail42:
0x00B3	0x3080      	MOVLW      128
0x00B4	0x0672      	XORWF      R1+1, 0
0x00B5	0x00F0      	MOVWF      R0
0x00B6	0x3080      	MOVLW      128
0x00B7	0x0678      	XORWF      R7+1, 0
0x00B8	0x0270      	SUBWF      R0, 0
0x00B9	0x1D03      	BTFSS      STATUS, 2
0x00BA	0x28BD      	GOTO       L__wail257
0x00BB	0x0877      	MOVF       R7, 0
0x00BC	0x0271      	SUBWF      R1, 0
L__wail257:
0x00BD	0x1803      	BTFSC      STATUS, 0
0x00BE	0x28C3      	GOTO       L_wail43
0x00BF	0x0AF1      	INCF       R1, 1
0x00C0	0x1903      	BTFSC      STATUS, 2
0x00C1	0x0AF2      	INCF       R1+1, 1
0x00C2	0x28B3      	GOTO       L_wail42
L_wail43:
L_wail41:
;SireneSt01.c,27 :: 		for(b = 0;b < 20;b++){   //20
0x00C3	0x0AF3      	INCF       R3, 1
0x00C4	0x1903      	BTFSC      STATUS, 2
0x00C5	0x0AF4      	INCF       R3+1, 1
;SireneSt01.c,34 :: 		}//end for
0x00C6	0x2884      	GOTO       L_wail30
L_wail31:
;SireneSt01.c,35 :: 		}// end if
L_wail29:
;SireneSt01.c,36 :: 		freq++;
0x00C7	0x0AF7      	INCF       R7, 1
0x00C8	0x1903      	BTFSC      STATUS, 2
0x00C9	0x0AF8      	INCF       R7+1, 1
;SireneSt01.c,25 :: 		for(d = 0;d < 63;d++){    //70
0x00CA	0x0AF5      	INCF       R5, 1
0x00CB	0x1903      	BTFSC      STATUS, 2
0x00CC	0x0AF6      	INCF       R5+1, 1
;SireneSt01.c,37 :: 		}//end for
0x00CD	0x2871      	GOTO       L_wail24
L_wail25:
;SireneSt01.c,38 :: 		}//end if wail
L_wail2:
;SireneSt01.c,39 :: 		}//end wail
L_end_wail:
0x00CE	0x0008      	RETURN
; end of _wail
_yelp:
;SireneSt01.c,41 :: 		void yelp(void){
;SireneSt01.c,43 :: 		if(sel1 == 0 && sel2 == 1 && sel3 == 0){  //yelp
0x00CF	0x1283      	BCF        STATUS, 5
0x00D0	0x1303      	BCF        STATUS, 6
0x00D1	0x1885      	BTFSC      RA1_bit, BitPos(RA1_bit+0)
0x00D2	0x2983      	GOTO       L_yelp47
0x00D3	0x1C05      	BTFSS      RA0_bit, BitPos(RA0_bit+0)
0x00D4	0x2983      	GOTO       L_yelp47
0x00D5	0x1B85      	BTFSC      RA7_bit, BitPos(RA7_bit+0)
0x00D6	0x2983      	GOTO       L_yelp47
L__yelp226:
;SireneSt01.c,44 :: 		freq = 56;  //
0x00D7	0x3038      	MOVLW      56
0x00D8	0x00F7      	MOVWF      R7
0x00D9	0x3000      	MOVLW      0
0x00DA	0x00F8      	MOVWF      R7+1
;SireneSt01.c,45 :: 		for(d = 0;d < 10;d++){
0x00DB	0x01F5      	CLRF       R5
0x00DC	0x01F6      	CLRF       R5+1
L_yelp48:
0x00DD	0x3080      	MOVLW      128
0x00DE	0x0676      	XORWF      R5+1, 0
0x00DF	0x00F0      	MOVWF      R0
0x00E0	0x3080      	MOVLW      128
0x00E1	0x0270      	SUBWF      R0, 0
0x00E2	0x1D03      	BTFSS      STATUS, 2
0x00E3	0x28E6      	GOTO       L__yelp259
0x00E4	0x300A      	MOVLW      10
0x00E5	0x0275      	SUBWF      R5, 0
L__yelp259:
0x00E6	0x1803      	BTFSC      STATUS, 0
0x00E7	0x292F      	GOTO       L_yelp49
;SireneSt01.c,46 :: 		if(sel1 == 0 && sel2 == 1 && sel3 == 0){
0x00E8	0x1885      	BTFSC      RA1_bit, BitPos(RA1_bit+0)
0x00E9	0x2927      	GOTO       L_yelp53
0x00EA	0x1C05      	BTFSS      RA0_bit, BitPos(RA0_bit+0)
0x00EB	0x2927      	GOTO       L_yelp53
0x00EC	0x1B85      	BTFSC      RA7_bit, BitPos(RA7_bit+0)
0x00ED	0x2927      	GOTO       L_yelp53
L__yelp225:
;SireneSt01.c,47 :: 		for(b = 0;b < 11;b++){
0x00EE	0x01F3      	CLRF       R3
0x00EF	0x01F4      	CLRF       R3+1
L_yelp54:
0x00F0	0x3080      	MOVLW      128
0x00F1	0x0674      	XORWF      R3+1, 0
0x00F2	0x00F0      	MOVWF      R0
0x00F3	0x3080      	MOVLW      128
0x00F4	0x0270      	SUBWF      R0, 0
0x00F5	0x1D03      	BTFSS      STATUS, 2
0x00F6	0x28F9      	GOTO       L__yelp260
0x00F7	0x300B      	MOVLW      11
0x00F8	0x0273      	SUBWF      R3, 0
L__yelp260:
0x00F9	0x1803      	BTFSC      STATUS, 0
0x00FA	0x2927      	GOTO       L_yelp55
;SireneSt01.c,48 :: 		som1 = 1;
0x00FB	0x1786      	BSF        RB7_bit, BitPos(RB7_bit+0)
;SireneSt01.c,49 :: 		som2 = 0;
0x00FC	0x1306      	BCF        RB6_bit, BitPos(RB6_bit+0)
;SireneSt01.c,50 :: 		for(a=0;a<freq;a++);
0x00FD	0x01F1      	CLRF       R1
0x00FE	0x01F2      	CLRF       R1+1
L_yelp57:
0x00FF	0x3080      	MOVLW      128
0x0100	0x0672      	XORWF      R1+1, 0
0x0101	0x00F0      	MOVWF      R0
0x0102	0x3080      	MOVLW      128
0x0103	0x0678      	XORWF      R7+1, 0
0x0104	0x0270      	SUBWF      R0, 0
0x0105	0x1D03      	BTFSS      STATUS, 2
0x0106	0x2909      	GOTO       L__yelp261
0x0107	0x0877      	MOVF       R7, 0
0x0108	0x0271      	SUBWF      R1, 0
L__yelp261:
0x0109	0x1803      	BTFSC      STATUS, 0
0x010A	0x290F      	GOTO       L_yelp58
0x010B	0x0AF1      	INCF       R1, 1
0x010C	0x1903      	BTFSC      STATUS, 2
0x010D	0x0AF2      	INCF       R1+1, 1
0x010E	0x28FF      	GOTO       L_yelp57
L_yelp58:
;SireneSt01.c,51 :: 		som1 = 0;
0x010F	0x1386      	BCF        RB7_bit, BitPos(RB7_bit+0)
;SireneSt01.c,52 :: 		som2 = 1;
0x0110	0x1706      	BSF        RB6_bit, BitPos(RB6_bit+0)
;SireneSt01.c,53 :: 		for(a=0;a<freq;a++);
0x0111	0x01F1      	CLRF       R1
0x0112	0x01F2      	CLRF       R1+1
L_yelp60:
0x0113	0x3080      	MOVLW      128
0x0114	0x0672      	XORWF      R1+1, 0
0x0115	0x00F0      	MOVWF      R0
0x0116	0x3080      	MOVLW      128
0x0117	0x0678      	XORWF      R7+1, 0
0x0118	0x0270      	SUBWF      R0, 0
0x0119	0x1D03      	BTFSS      STATUS, 2
0x011A	0x291D      	GOTO       L__yelp262
0x011B	0x0877      	MOVF       R7, 0
0x011C	0x0271      	SUBWF      R1, 0
L__yelp262:
0x011D	0x1803      	BTFSC      STATUS, 0
0x011E	0x2923      	GOTO       L_yelp61
0x011F	0x0AF1      	INCF       R1, 1
0x0120	0x1903      	BTFSC      STATUS, 2
0x0121	0x0AF2      	INCF       R1+1, 1
0x0122	0x2913      	GOTO       L_yelp60
L_yelp61:
;SireneSt01.c,47 :: 		for(b = 0;b < 11;b++){
0x0123	0x0AF3      	INCF       R3, 1
0x0124	0x1903      	BTFSC      STATUS, 2
0x0125	0x0AF4      	INCF       R3+1, 1
;SireneSt01.c,54 :: 		}//end for
0x0126	0x28F0      	GOTO       L_yelp54
L_yelp55:
;SireneSt01.c,55 :: 		}//end if
L_yelp53:
;SireneSt01.c,56 :: 		freq = freq-3;
0x0127	0x3003      	MOVLW      3
0x0128	0x02F7      	SUBWF      R7, 1
0x0129	0x1C03      	BTFSS      STATUS, 0
0x012A	0x03F8      	DECF       R7+1, 1
;SireneSt01.c,45 :: 		for(d = 0;d < 10;d++){
0x012B	0x0AF5      	INCF       R5, 1
0x012C	0x1903      	BTFSC      STATUS, 2
0x012D	0x0AF6      	INCF       R5+1, 1
;SireneSt01.c,58 :: 		}//end for
0x012E	0x28DD      	GOTO       L_yelp48
L_yelp49:
;SireneSt01.c,59 :: 		for(d = 0;d < 10;d++){
0x012F	0x01F5      	CLRF       R5
0x0130	0x01F6      	CLRF       R5+1
L_yelp63:
0x0131	0x3080      	MOVLW      128
0x0132	0x0676      	XORWF      R5+1, 0
0x0133	0x00F0      	MOVWF      R0
0x0134	0x3080      	MOVLW      128
0x0135	0x0270      	SUBWF      R0, 0
0x0136	0x1D03      	BTFSS      STATUS, 2
0x0137	0x293A      	GOTO       L__yelp263
0x0138	0x300A      	MOVLW      10
0x0139	0x0275      	SUBWF      R5, 0
L__yelp263:
0x013A	0x1803      	BTFSC      STATUS, 0
0x013B	0x2983      	GOTO       L_yelp64
;SireneSt01.c,60 :: 		if(sel1 == 0 && sel2 == 1 && sel3 == 0){
0x013C	0x1885      	BTFSC      RA1_bit, BitPos(RA1_bit+0)
0x013D	0x297B      	GOTO       L_yelp68
0x013E	0x1C05      	BTFSS      RA0_bit, BitPos(RA0_bit+0)
0x013F	0x297B      	GOTO       L_yelp68
0x0140	0x1B85      	BTFSC      RA7_bit, BitPos(RA7_bit+0)
0x0141	0x297B      	GOTO       L_yelp68
L__yelp224:
;SireneSt01.c,61 :: 		for(b = 0;b < 11;b++){
0x0142	0x01F3      	CLRF       R3
0x0143	0x01F4      	CLRF       R3+1
L_yelp69:
0x0144	0x3080      	MOVLW      128
0x0145	0x0674      	XORWF      R3+1, 0
0x0146	0x00F0      	MOVWF      R0
0x0147	0x3080      	MOVLW      128
0x0148	0x0270      	SUBWF      R0, 0
0x0149	0x1D03      	BTFSS      STATUS, 2
0x014A	0x294D      	GOTO       L__yelp264
0x014B	0x300B      	MOVLW      11
0x014C	0x0273      	SUBWF      R3, 0
L__yelp264:
0x014D	0x1803      	BTFSC      STATUS, 0
0x014E	0x297B      	GOTO       L_yelp70
;SireneSt01.c,62 :: 		som1 = 1;
0x014F	0x1786      	BSF        RB7_bit, BitPos(RB7_bit+0)
;SireneSt01.c,63 :: 		som2 = 0;
0x0150	0x1306      	BCF        RB6_bit, BitPos(RB6_bit+0)
;SireneSt01.c,64 :: 		for(a=0;a<freq;a++);
0x0151	0x01F1      	CLRF       R1
0x0152	0x01F2      	CLRF       R1+1
L_yelp72:
0x0153	0x3080      	MOVLW      128
0x0154	0x0672      	XORWF      R1+1, 0
0x0155	0x00F0      	MOVWF      R0
0x0156	0x3080      	MOVLW      128
0x0157	0x0678      	XORWF      R7+1, 0
0x0158	0x0270      	SUBWF      R0, 0
0x0159	0x1D03      	BTFSS      STATUS, 2
0x015A	0x295D      	GOTO       L__yelp265
0x015B	0x0877      	MOVF       R7, 0
0x015C	0x0271      	SUBWF      R1, 0
L__yelp265:
0x015D	0x1803      	BTFSC      STATUS, 0
0x015E	0x2963      	GOTO       L_yelp73
0x015F	0x0AF1      	INCF       R1, 1
0x0160	0x1903      	BTFSC      STATUS, 2
0x0161	0x0AF2      	INCF       R1+1, 1
0x0162	0x2953      	GOTO       L_yelp72
L_yelp73:
;SireneSt01.c,65 :: 		som1 = 0;
0x0163	0x1386      	BCF        RB7_bit, BitPos(RB7_bit+0)
;SireneSt01.c,66 :: 		som2 = 1;
0x0164	0x1706      	BSF        RB6_bit, BitPos(RB6_bit+0)
;SireneSt01.c,67 :: 		for(a=0;a<freq;a++);
0x0165	0x01F1      	CLRF       R1
0x0166	0x01F2      	CLRF       R1+1
L_yelp75:
0x0167	0x3080      	MOVLW      128
0x0168	0x0672      	XORWF      R1+1, 0
0x0169	0x00F0      	MOVWF      R0
0x016A	0x3080      	MOVLW      128
0x016B	0x0678      	XORWF      R7+1, 0
0x016C	0x0270      	SUBWF      R0, 0
0x016D	0x1D03      	BTFSS      STATUS, 2
0x016E	0x2971      	GOTO       L__yelp266
0x016F	0x0877      	MOVF       R7, 0
0x0170	0x0271      	SUBWF      R1, 0
L__yelp266:
0x0171	0x1803      	BTFSC      STATUS, 0
0x0172	0x2977      	GOTO       L_yelp76
0x0173	0x0AF1      	INCF       R1, 1
0x0174	0x1903      	BTFSC      STATUS, 2
0x0175	0x0AF2      	INCF       R1+1, 1
0x0176	0x2967      	GOTO       L_yelp75
L_yelp76:
;SireneSt01.c,61 :: 		for(b = 0;b < 11;b++){
0x0177	0x0AF3      	INCF       R3, 1
0x0178	0x1903      	BTFSC      STATUS, 2
0x0179	0x0AF4      	INCF       R3+1, 1
;SireneSt01.c,68 :: 		}//end for
0x017A	0x2944      	GOTO       L_yelp69
L_yelp70:
;SireneSt01.c,69 :: 		}//end if
L_yelp68:
;SireneSt01.c,70 :: 		freq = freq+3;
0x017B	0x3003      	MOVLW      3
0x017C	0x07F7      	ADDWF      R7, 1
0x017D	0x1803      	BTFSC      STATUS, 0
0x017E	0x0AF8      	INCF       R7+1, 1
;SireneSt01.c,59 :: 		for(d = 0;d < 10;d++){
0x017F	0x0AF5      	INCF       R5, 1
0x0180	0x1903      	BTFSC      STATUS, 2
0x0181	0x0AF6      	INCF       R5+1, 1
;SireneSt01.c,71 :: 		}//end for
0x0182	0x2931      	GOTO       L_yelp63
L_yelp64:
;SireneSt01.c,72 :: 		}//end if yelp
L_yelp47:
;SireneSt01.c,73 :: 		}//end yelp
L_end_yelp:
0x0183	0x0008      	RETURN
; end of _yelp
_hilo:
;SireneSt01.c,75 :: 		void hilo(void){
;SireneSt01.c,77 :: 		if(sel1 == 0 && sel2 == 1 && sel3 == 1){  //hilo
0x0184	0x1283      	BCF        STATUS, 5
0x0185	0x1303      	BCF        STATUS, 6
0x0186	0x1885      	BTFSC      RA1_bit, BitPos(RA1_bit+0)
0x0187	0x2A20      	GOTO       L_hilo80
0x0188	0x1C05      	BTFSS      RA0_bit, BitPos(RA0_bit+0)
0x0189	0x2A20      	GOTO       L_hilo80
0x018A	0x1F85      	BTFSS      RA7_bit, BitPos(RA7_bit+0)
0x018B	0x2A20      	GOTO       L_hilo80
L__hilo233:
;SireneSt01.c,78 :: 		if(sel1 == 0 && sel2 == 1 && sel3 == 1){
0x018C	0x1885      	BTFSC      RA1_bit, BitPos(RA1_bit+0)
0x018D	0x29D6      	GOTO       L_hilo83
0x018E	0x1C05      	BTFSS      RA0_bit, BitPos(RA0_bit+0)
0x018F	0x29D6      	GOTO       L_hilo83
0x0190	0x1F85      	BTFSS      RA7_bit, BitPos(RA7_bit+0)
0x0191	0x29D6      	GOTO       L_hilo83
L__hilo232:
;SireneSt01.c,79 :: 		for(b = 0;b < 850;b++){
0x0192	0x01F3      	CLRF       R3
0x0193	0x01F4      	CLRF       R3+1
L_hilo84:
0x0194	0x3080      	MOVLW      128
0x0195	0x0674      	XORWF      R3+1, 0
0x0196	0x00F0      	MOVWF      R0
0x0197	0x3080      	MOVLW      128
0x0198	0x3A03      	XORLW      3
0x0199	0x0270      	SUBWF      R0, 0
0x019A	0x1D03      	BTFSS      STATUS, 2
0x019B	0x299E      	GOTO       L__hilo268
0x019C	0x3052      	MOVLW      82
0x019D	0x0273      	SUBWF      R3, 0
L__hilo268:
0x019E	0x1803      	BTFSC      STATUS, 0
0x019F	0x29D6      	GOTO       L_hilo85
;SireneSt01.c,80 :: 		som1 = 1;
0x01A0	0x1786      	BSF        RB7_bit, BitPos(RB7_bit+0)
;SireneSt01.c,81 :: 		som2 = 0;
0x01A1	0x1306      	BCF        RB6_bit, BitPos(RB6_bit+0)
;SireneSt01.c,82 :: 		if(sel1 == 0 && sel2 == 1 && sel3 == 1)for(a=0;a<30;a++);  //33
0x01A2	0x1885      	BTFSC      RA1_bit, BitPos(RA1_bit+0)
0x01A3	0x29B9      	GOTO       L_hilo89
0x01A4	0x1C05      	BTFSS      RA0_bit, BitPos(RA0_bit+0)
0x01A5	0x29B9      	GOTO       L_hilo89
0x01A6	0x1F85      	BTFSS      RA7_bit, BitPos(RA7_bit+0)
0x01A7	0x29B9      	GOTO       L_hilo89
L__hilo231:
0x01A8	0x01F1      	CLRF       R1
0x01A9	0x01F2      	CLRF       R1+1
L_hilo90:
0x01AA	0x3080      	MOVLW      128
0x01AB	0x0672      	XORWF      R1+1, 0
0x01AC	0x00F0      	MOVWF      R0
0x01AD	0x3080      	MOVLW      128
0x01AE	0x0270      	SUBWF      R0, 0
0x01AF	0x1D03      	BTFSS      STATUS, 2
0x01B0	0x29B3      	GOTO       L__hilo269
0x01B1	0x301E      	MOVLW      30
0x01B2	0x0271      	SUBWF      R1, 0
L__hilo269:
0x01B3	0x1803      	BTFSC      STATUS, 0
0x01B4	0x29B9      	GOTO       L_hilo91
0x01B5	0x0AF1      	INCF       R1, 1
0x01B6	0x1903      	BTFSC      STATUS, 2
0x01B7	0x0AF2      	INCF       R1+1, 1
0x01B8	0x29AA      	GOTO       L_hilo90
L_hilo91:
L_hilo89:
;SireneSt01.c,83 :: 		som1 = 0;
0x01B9	0x1386      	BCF        RB7_bit, BitPos(RB7_bit+0)
;SireneSt01.c,84 :: 		som2 = 1;
0x01BA	0x1706      	BSF        RB6_bit, BitPos(RB6_bit+0)
;SireneSt01.c,85 :: 		if(sel1 == 0 && sel2 == 1 && sel3 == 1)for(a=0;a<30;a++);
0x01BB	0x1885      	BTFSC      RA1_bit, BitPos(RA1_bit+0)
0x01BC	0x29D2      	GOTO       L_hilo95
0x01BD	0x1C05      	BTFSS      RA0_bit, BitPos(RA0_bit+0)
0x01BE	0x29D2      	GOTO       L_hilo95
0x01BF	0x1F85      	BTFSS      RA7_bit, BitPos(RA7_bit+0)
0x01C0	0x29D2      	GOTO       L_hilo95
L__hilo230:
0x01C1	0x01F1      	CLRF       R1
0x01C2	0x01F2      	CLRF       R1+1
L_hilo96:
0x01C3	0x3080      	MOVLW      128
0x01C4	0x0672      	XORWF      R1+1, 0
0x01C5	0x00F0      	MOVWF      R0
0x01C6	0x3080      	MOVLW      128
0x01C7	0x0270      	SUBWF      R0, 0
0x01C8	0x1D03      	BTFSS      STATUS, 2
0x01C9	0x29CC      	GOTO       L__hilo270
0x01CA	0x301E      	MOVLW      30
0x01CB	0x0271      	SUBWF      R1, 0
L__hilo270:
0x01CC	0x1803      	BTFSC      STATUS, 0
0x01CD	0x29D2      	GOTO       L_hilo97
0x01CE	0x0AF1      	INCF       R1, 1
0x01CF	0x1903      	BTFSC      STATUS, 2
0x01D0	0x0AF2      	INCF       R1+1, 1
0x01D1	0x29C3      	GOTO       L_hilo96
L_hilo97:
L_hilo95:
;SireneSt01.c,79 :: 		for(b = 0;b < 850;b++){
0x01D2	0x0AF3      	INCF       R3, 1
0x01D3	0x1903      	BTFSC      STATUS, 2
0x01D4	0x0AF4      	INCF       R3+1, 1
;SireneSt01.c,86 :: 		}//end for                                                //33
0x01D5	0x2994      	GOTO       L_hilo84
L_hilo85:
;SireneSt01.c,87 :: 		}//end if
L_hilo83:
;SireneSt01.c,88 :: 		if(sel1 == 0 && sel2 == 1 && sel3 == 1){
0x01D6	0x1885      	BTFSC      RA1_bit, BitPos(RA1_bit+0)
0x01D7	0x2A20      	GOTO       L_hilo101
0x01D8	0x1C05      	BTFSS      RA0_bit, BitPos(RA0_bit+0)
0x01D9	0x2A20      	GOTO       L_hilo101
0x01DA	0x1F85      	BTFSS      RA7_bit, BitPos(RA7_bit+0)
0x01DB	0x2A20      	GOTO       L_hilo101
L__hilo229:
;SireneSt01.c,89 :: 		for(b = 0;b < 700;b++){
0x01DC	0x01F3      	CLRF       R3
0x01DD	0x01F4      	CLRF       R3+1
L_hilo102:
0x01DE	0x3080      	MOVLW      128
0x01DF	0x0674      	XORWF      R3+1, 0
0x01E0	0x00F0      	MOVWF      R0
0x01E1	0x3080      	MOVLW      128
0x01E2	0x3A02      	XORLW      2
0x01E3	0x0270      	SUBWF      R0, 0
0x01E4	0x1D03      	BTFSS      STATUS, 2
0x01E5	0x29E8      	GOTO       L__hilo271
0x01E6	0x30BC      	MOVLW      188
0x01E7	0x0273      	SUBWF      R3, 0
L__hilo271:
0x01E8	0x1803      	BTFSC      STATUS, 0
0x01E9	0x2A20      	GOTO       L_hilo103
;SireneSt01.c,90 :: 		som1 = 1;
0x01EA	0x1786      	BSF        RB7_bit, BitPos(RB7_bit+0)
;SireneSt01.c,91 :: 		som2 = 0;
0x01EB	0x1306      	BCF        RB6_bit, BitPos(RB6_bit+0)
;SireneSt01.c,92 :: 		if(sel1 == 0 && sel2 == 1 && sel3 == 1)for(a=0;a<48;a++);   //48
0x01EC	0x1885      	BTFSC      RA1_bit, BitPos(RA1_bit+0)
0x01ED	0x2A03      	GOTO       L_hilo107
0x01EE	0x1C05      	BTFSS      RA0_bit, BitPos(RA0_bit+0)
0x01EF	0x2A03      	GOTO       L_hilo107
0x01F0	0x1F85      	BTFSS      RA7_bit, BitPos(RA7_bit+0)
0x01F1	0x2A03      	GOTO       L_hilo107
L__hilo228:
0x01F2	0x01F1      	CLRF       R1
0x01F3	0x01F2      	CLRF       R1+1
L_hilo108:
0x01F4	0x3080      	MOVLW      128
0x01F5	0x0672      	XORWF      R1+1, 0
0x01F6	0x00F0      	MOVWF      R0
0x01F7	0x3080      	MOVLW      128
0x01F8	0x0270      	SUBWF      R0, 0
0x01F9	0x1D03      	BTFSS      STATUS, 2
0x01FA	0x29FD      	GOTO       L__hilo272
0x01FB	0x3030      	MOVLW      48
0x01FC	0x0271      	SUBWF      R1, 0
L__hilo272:
0x01FD	0x1803      	BTFSC      STATUS, 0
0x01FE	0x2A03      	GOTO       L_hilo109
0x01FF	0x0AF1      	INCF       R1, 1
0x0200	0x1903      	BTFSC      STATUS, 2
0x0201	0x0AF2      	INCF       R1+1, 1
0x0202	0x29F4      	GOTO       L_hilo108
L_hilo109:
L_hilo107:
;SireneSt01.c,93 :: 		som1 = 0;
0x0203	0x1386      	BCF        RB7_bit, BitPos(RB7_bit+0)
;SireneSt01.c,94 :: 		som2 = 1;
0x0204	0x1706      	BSF        RB6_bit, BitPos(RB6_bit+0)
;SireneSt01.c,95 :: 		if(sel1 == 0 && sel2 == 1 && sel3 == 1)for(a=0;a<48;a++);  //48
0x0205	0x1885      	BTFSC      RA1_bit, BitPos(RA1_bit+0)
0x0206	0x2A1C      	GOTO       L_hilo113
0x0207	0x1C05      	BTFSS      RA0_bit, BitPos(RA0_bit+0)
0x0208	0x2A1C      	GOTO       L_hilo113
0x0209	0x1F85      	BTFSS      RA7_bit, BitPos(RA7_bit+0)
0x020A	0x2A1C      	GOTO       L_hilo113
L__hilo227:
0x020B	0x01F1      	CLRF       R1
0x020C	0x01F2      	CLRF       R1+1
L_hilo114:
0x020D	0x3080      	MOVLW      128
0x020E	0x0672      	XORWF      R1+1, 0
0x020F	0x00F0      	MOVWF      R0
0x0210	0x3080      	MOVLW      128
0x0211	0x0270      	SUBWF      R0, 0
0x0212	0x1D03      	BTFSS      STATUS, 2
0x0213	0x2A16      	GOTO       L__hilo273
0x0214	0x3030      	MOVLW      48
0x0215	0x0271      	SUBWF      R1, 0
L__hilo273:
0x0216	0x1803      	BTFSC      STATUS, 0
0x0217	0x2A1C      	GOTO       L_hilo115
0x0218	0x0AF1      	INCF       R1, 1
0x0219	0x1903      	BTFSC      STATUS, 2
0x021A	0x0AF2      	INCF       R1+1, 1
0x021B	0x2A0D      	GOTO       L_hilo114
L_hilo115:
L_hilo113:
;SireneSt01.c,89 :: 		for(b = 0;b < 700;b++){
0x021C	0x0AF3      	INCF       R3, 1
0x021D	0x1903      	BTFSC      STATUS, 2
0x021E	0x0AF4      	INCF       R3+1, 1
;SireneSt01.c,96 :: 		}//end for
0x021F	0x29DE      	GOTO       L_hilo102
L_hilo103:
;SireneSt01.c,97 :: 		}//end if
L_hilo101:
;SireneSt01.c,98 :: 		}//end if hilo
L_hilo80:
;SireneSt01.c,99 :: 		}//end hilo
L_end_hilo:
0x0220	0x0008      	RETURN
; end of _hilo
_yelp2:
;SireneSt01.c,189 :: 		void yelp2(void){
;SireneSt01.c,191 :: 		}//end yelp2
L_end_yelp2:
0x0221	0x0008      	RETURN
; end of _yelp2
_horn:
;SireneSt01.c,134 :: 		void horn(void){
;SireneSt01.c,136 :: 		if(sel1 == 1 && sel2 == 0 && sel3 == 1){  //horn
0x0222	0x1283      	BCF        STATUS, 5
0x0223	0x1303      	BCF        STATUS, 6
0x0224	0x1C85      	BTFSS      RA1_bit, BitPos(RA1_bit+0)
0x0225	0x2A98      	GOTO       L_horn152
0x0226	0x1805      	BTFSC      RA0_bit, BitPos(RA0_bit+0)
0x0227	0x2A98      	GOTO       L_horn152
0x0228	0x1F85      	BTFSS      RA7_bit, BitPos(RA7_bit+0)
0x0229	0x2A98      	GOTO       L_horn152
L__horn237:
;SireneSt01.c,137 :: 		for(b = 0;b < 3;b++){                //5
0x022A	0x01F3      	CLRF       R3
0x022B	0x01F4      	CLRF       R3+1
L_horn153:
0x022C	0x3080      	MOVLW      128
0x022D	0x0674      	XORWF      R3+1, 0
0x022E	0x00F0      	MOVWF      R0
0x022F	0x3080      	MOVLW      128
0x0230	0x0270      	SUBWF      R0, 0
0x0231	0x1D03      	BTFSS      STATUS, 2
0x0232	0x2A35      	GOTO       L__horn284
0x0233	0x3003      	MOVLW      3
0x0234	0x0273      	SUBWF      R3, 0
L__horn284:
0x0235	0x1803      	BTFSC      STATUS, 0
0x0236	0x2A61      	GOTO       L_horn154
;SireneSt01.c,138 :: 		som1 = 1;
0x0237	0x1786      	BSF        RB7_bit, BitPos(RB7_bit+0)
;SireneSt01.c,139 :: 		som2 = 0;
0x0238	0x1306      	BCF        RB6_bit, BitPos(RB6_bit+0)
;SireneSt01.c,140 :: 		for(a=0;a<110;a++);           //110
0x0239	0x01F1      	CLRF       R1
0x023A	0x01F2      	CLRF       R1+1
L_horn156:
0x023B	0x3080      	MOVLW      128
0x023C	0x0672      	XORWF      R1+1, 0
0x023D	0x00F0      	MOVWF      R0
0x023E	0x3080      	MOVLW      128
0x023F	0x0270      	SUBWF      R0, 0
0x0240	0x1D03      	BTFSS      STATUS, 2
0x0241	0x2A44      	GOTO       L__horn285
0x0242	0x306E      	MOVLW      110
0x0243	0x0271      	SUBWF      R1, 0
L__horn285:
0x0244	0x1803      	BTFSC      STATUS, 0
0x0245	0x2A4A      	GOTO       L_horn157
0x0246	0x0AF1      	INCF       R1, 1
0x0247	0x1903      	BTFSC      STATUS, 2
0x0248	0x0AF2      	INCF       R1+1, 1
0x0249	0x2A3B      	GOTO       L_horn156
L_horn157:
;SireneSt01.c,141 :: 		som1 = 0;
0x024A	0x1386      	BCF        RB7_bit, BitPos(RB7_bit+0)
;SireneSt01.c,142 :: 		som2 = 1;
0x024B	0x1706      	BSF        RB6_bit, BitPos(RB6_bit+0)
;SireneSt01.c,143 :: 		for(a=0;a<110;a++);           //110
0x024C	0x01F1      	CLRF       R1
0x024D	0x01F2      	CLRF       R1+1
L_horn159:
0x024E	0x3080      	MOVLW      128
0x024F	0x0672      	XORWF      R1+1, 0
0x0250	0x00F0      	MOVWF      R0
0x0251	0x3080      	MOVLW      128
0x0252	0x0270      	SUBWF      R0, 0
0x0253	0x1D03      	BTFSS      STATUS, 2
0x0254	0x2A57      	GOTO       L__horn286
0x0255	0x306E      	MOVLW      110
0x0256	0x0271      	SUBWF      R1, 0
L__horn286:
0x0257	0x1803      	BTFSC      STATUS, 0
0x0258	0x2A5D      	GOTO       L_horn160
0x0259	0x0AF1      	INCF       R1, 1
0x025A	0x1903      	BTFSC      STATUS, 2
0x025B	0x0AF2      	INCF       R1+1, 1
0x025C	0x2A4E      	GOTO       L_horn159
L_horn160:
;SireneSt01.c,137 :: 		for(b = 0;b < 3;b++){                //5
0x025D	0x0AF3      	INCF       R3, 1
0x025E	0x1903      	BTFSC      STATUS, 2
0x025F	0x0AF4      	INCF       R3+1, 1
;SireneSt01.c,144 :: 		}//end for
0x0260	0x2A2C      	GOTO       L_horn153
L_horn154:
;SireneSt01.c,145 :: 		for(b = 0;b < 4;b++){               //6
0x0261	0x01F3      	CLRF       R3
0x0262	0x01F4      	CLRF       R3+1
L_horn162:
0x0263	0x3080      	MOVLW      128
0x0264	0x0674      	XORWF      R3+1, 0
0x0265	0x00F0      	MOVWF      R0
0x0266	0x3080      	MOVLW      128
0x0267	0x0270      	SUBWF      R0, 0
0x0268	0x1D03      	BTFSS      STATUS, 2
0x0269	0x2A6C      	GOTO       L__horn287
0x026A	0x3004      	MOVLW      4
0x026B	0x0273      	SUBWF      R3, 0
L__horn287:
0x026C	0x1803      	BTFSC      STATUS, 0
0x026D	0x2A98      	GOTO       L_horn163
;SireneSt01.c,146 :: 		som1 = 1;
0x026E	0x1786      	BSF        RB7_bit, BitPos(RB7_bit+0)
;SireneSt01.c,147 :: 		som2 = 0;
0x026F	0x1306      	BCF        RB6_bit, BitPos(RB6_bit+0)
;SireneSt01.c,148 :: 		for(a=0;a<95;a++);             //89
0x0270	0x01F1      	CLRF       R1
0x0271	0x01F2      	CLRF       R1+1
L_horn165:
0x0272	0x3080      	MOVLW      128
0x0273	0x0672      	XORWF      R1+1, 0
0x0274	0x00F0      	MOVWF      R0
0x0275	0x3080      	MOVLW      128
0x0276	0x0270      	SUBWF      R0, 0
0x0277	0x1D03      	BTFSS      STATUS, 2
0x0278	0x2A7B      	GOTO       L__horn288
0x0279	0x305F      	MOVLW      95
0x027A	0x0271      	SUBWF      R1, 0
L__horn288:
0x027B	0x1803      	BTFSC      STATUS, 0
0x027C	0x2A81      	GOTO       L_horn166
0x027D	0x0AF1      	INCF       R1, 1
0x027E	0x1903      	BTFSC      STATUS, 2
0x027F	0x0AF2      	INCF       R1+1, 1
0x0280	0x2A72      	GOTO       L_horn165
L_horn166:
;SireneSt01.c,149 :: 		som1 = 0;
0x0281	0x1386      	BCF        RB7_bit, BitPos(RB7_bit+0)
;SireneSt01.c,150 :: 		som2 = 1;
0x0282	0x1706      	BSF        RB6_bit, BitPos(RB6_bit+0)
;SireneSt01.c,151 :: 		for(a=0;a<95;a++);            //89
0x0283	0x01F1      	CLRF       R1
0x0284	0x01F2      	CLRF       R1+1
L_horn168:
0x0285	0x3080      	MOVLW      128
0x0286	0x0672      	XORWF      R1+1, 0
0x0287	0x00F0      	MOVWF      R0
0x0288	0x3080      	MOVLW      128
0x0289	0x0270      	SUBWF      R0, 0
0x028A	0x1D03      	BTFSS      STATUS, 2
0x028B	0x2A8E      	GOTO       L__horn289
0x028C	0x305F      	MOVLW      95
0x028D	0x0271      	SUBWF      R1, 0
L__horn289:
0x028E	0x1803      	BTFSC      STATUS, 0
0x028F	0x2A94      	GOTO       L_horn169
0x0290	0x0AF1      	INCF       R1, 1
0x0291	0x1903      	BTFSC      STATUS, 2
0x0292	0x0AF2      	INCF       R1+1, 1
0x0293	0x2A85      	GOTO       L_horn168
L_horn169:
;SireneSt01.c,145 :: 		for(b = 0;b < 4;b++){               //6
0x0294	0x0AF3      	INCF       R3, 1
0x0295	0x1903      	BTFSC      STATUS, 2
0x0296	0x0AF4      	INCF       R3+1, 1
;SireneSt01.c,152 :: 		}//end for
0x0297	0x2A63      	GOTO       L_horn162
L_horn163:
;SireneSt01.c,153 :: 		}//end if horn
L_horn152:
;SireneSt01.c,154 :: 		}//end horn
L_end_horn:
0x0298	0x0008      	RETURN
; end of _horn
_priority:
;SireneSt01.c,101 :: 		void priority(void){      //priority
;SireneSt01.c,103 :: 		if(sel1 == 1 && sel2 == 0 && sel3 == 0){
0x0299	0x1283      	BCF        STATUS, 5
0x029A	0x1303      	BCF        STATUS, 6
0x029B	0x1C85      	BTFSS      RA1_bit, BitPos(RA1_bit+0)
0x029C	0x2B4D      	GOTO       L_priority119
0x029D	0x1805      	BTFSC      RA0_bit, BitPos(RA0_bit+0)
0x029E	0x2B4D      	GOTO       L_priority119
0x029F	0x1B85      	BTFSC      RA7_bit, BitPos(RA7_bit+0)
0x02A0	0x2B4D      	GOTO       L_priority119
L__priority236:
;SireneSt01.c,104 :: 		freq = 45;
0x02A1	0x302D      	MOVLW      45
0x02A2	0x00F7      	MOVWF      R7
0x02A3	0x3000      	MOVLW      0
0x02A4	0x00F8      	MOVWF      R7+1
;SireneSt01.c,105 :: 		for(d = 0;d < 8;d++){
0x02A5	0x01F5      	CLRF       R5
0x02A6	0x01F6      	CLRF       R5+1
L_priority120:
0x02A7	0x3080      	MOVLW      128
0x02A8	0x0676      	XORWF      R5+1, 0
0x02A9	0x00F0      	MOVWF      R0
0x02AA	0x3080      	MOVLW      128
0x02AB	0x0270      	SUBWF      R0, 0
0x02AC	0x1D03      	BTFSS      STATUS, 2
0x02AD	0x2AB0      	GOTO       L__priority275
0x02AE	0x3008      	MOVLW      8
0x02AF	0x0275      	SUBWF      R5, 0
L__priority275:
0x02B0	0x1803      	BTFSC      STATUS, 0
0x02B1	0x2AF9      	GOTO       L_priority121
;SireneSt01.c,106 :: 		if(sel1 == 1 && sel2 == 0 && sel3 == 0){
0x02B2	0x1C85      	BTFSS      RA1_bit, BitPos(RA1_bit+0)
0x02B3	0x2AF5      	GOTO       L_priority125
0x02B4	0x1805      	BTFSC      RA0_bit, BitPos(RA0_bit+0)
0x02B5	0x2AF5      	GOTO       L_priority125
0x02B6	0x1B85      	BTFSC      RA7_bit, BitPos(RA7_bit+0)
0x02B7	0x2AF5      	GOTO       L_priority125
L__priority235:
;SireneSt01.c,107 :: 		for(b = 0;b < 5;b++){
0x02B8	0x01F3      	CLRF       R3
0x02B9	0x01F4      	CLRF       R3+1
L_priority126:
0x02BA	0x3080      	MOVLW      128
0x02BB	0x0674      	XORWF      R3+1, 0
0x02BC	0x00F0      	MOVWF      R0
0x02BD	0x3080      	MOVLW      128
0x02BE	0x0270      	SUBWF      R0, 0
0x02BF	0x1D03      	BTFSS      STATUS, 2
0x02C0	0x2AC3      	GOTO       L__priority276
0x02C1	0x3005      	MOVLW      5
0x02C2	0x0273      	SUBWF      R3, 0
L__priority276:
0x02C3	0x1803      	BTFSC      STATUS, 0
0x02C4	0x2AF1      	GOTO       L_priority127
;SireneSt01.c,108 :: 		som1 = 1;
0x02C5	0x1786      	BSF        RB7_bit, BitPos(RB7_bit+0)
;SireneSt01.c,109 :: 		som2 = 0;
0x02C6	0x1306      	BCF        RB6_bit, BitPos(RB6_bit+0)
;SireneSt01.c,110 :: 		for(a=0;a<freq;a++);
0x02C7	0x01F1      	CLRF       R1
0x02C8	0x01F2      	CLRF       R1+1
L_priority129:
0x02C9	0x3080      	MOVLW      128
0x02CA	0x0672      	XORWF      R1+1, 0
0x02CB	0x00F0      	MOVWF      R0
0x02CC	0x3080      	MOVLW      128
0x02CD	0x0678      	XORWF      R7+1, 0
0x02CE	0x0270      	SUBWF      R0, 0
0x02CF	0x1D03      	BTFSS      STATUS, 2
0x02D0	0x2AD3      	GOTO       L__priority277
0x02D1	0x0877      	MOVF       R7, 0
0x02D2	0x0271      	SUBWF      R1, 0
L__priority277:
0x02D3	0x1803      	BTFSC      STATUS, 0
0x02D4	0x2AD9      	GOTO       L_priority130
0x02D5	0x0AF1      	INCF       R1, 1
0x02D6	0x1903      	BTFSC      STATUS, 2
0x02D7	0x0AF2      	INCF       R1+1, 1
0x02D8	0x2AC9      	GOTO       L_priority129
L_priority130:
;SireneSt01.c,111 :: 		som1 = 0;
0x02D9	0x1386      	BCF        RB7_bit, BitPos(RB7_bit+0)
;SireneSt01.c,112 :: 		som2 = 1;
0x02DA	0x1706      	BSF        RB6_bit, BitPos(RB6_bit+0)
;SireneSt01.c,113 :: 		for(a=0;a<freq;a++);
0x02DB	0x01F1      	CLRF       R1
0x02DC	0x01F2      	CLRF       R1+1
L_priority132:
0x02DD	0x3080      	MOVLW      128
0x02DE	0x0672      	XORWF      R1+1, 0
0x02DF	0x00F0      	MOVWF      R0
0x02E0	0x3080      	MOVLW      128
0x02E1	0x0678      	XORWF      R7+1, 0
0x02E2	0x0270      	SUBWF      R0, 0
0x02E3	0x1D03      	BTFSS      STATUS, 2
0x02E4	0x2AE7      	GOTO       L__priority278
0x02E5	0x0877      	MOVF       R7, 0
0x02E6	0x0271      	SUBWF      R1, 0
L__priority278:
0x02E7	0x1803      	BTFSC      STATUS, 0
0x02E8	0x2AED      	GOTO       L_priority133
0x02E9	0x0AF1      	INCF       R1, 1
0x02EA	0x1903      	BTFSC      STATUS, 2
0x02EB	0x0AF2      	INCF       R1+1, 1
0x02EC	0x2ADD      	GOTO       L_priority132
L_priority133:
;SireneSt01.c,107 :: 		for(b = 0;b < 5;b++){
0x02ED	0x0AF3      	INCF       R3, 1
0x02EE	0x1903      	BTFSC      STATUS, 2
0x02EF	0x0AF4      	INCF       R3+1, 1
;SireneSt01.c,114 :: 		}//end for
0x02F0	0x2ABA      	GOTO       L_priority126
L_priority127:
;SireneSt01.c,115 :: 		freq = freq-3;
0x02F1	0x3003      	MOVLW      3
0x02F2	0x02F7      	SUBWF      R7, 1
0x02F3	0x1C03      	BTFSS      STATUS, 0
0x02F4	0x03F8      	DECF       R7+1, 1
;SireneSt01.c,116 :: 		}//end if
L_priority125:
;SireneSt01.c,105 :: 		for(d = 0;d < 8;d++){
0x02F5	0x0AF5      	INCF       R5, 1
0x02F6	0x1903      	BTFSC      STATUS, 2
0x02F7	0x0AF6      	INCF       R5+1, 1
;SireneSt01.c,117 :: 		}//end for
0x02F8	0x2AA7      	GOTO       L_priority120
L_priority121:
;SireneSt01.c,118 :: 		for(d = 0;d < 7;d++){
0x02F9	0x01F5      	CLRF       R5
0x02FA	0x01F6      	CLRF       R5+1
L_priority135:
0x02FB	0x3080      	MOVLW      128
0x02FC	0x0676      	XORWF      R5+1, 0
0x02FD	0x00F0      	MOVWF      R0
0x02FE	0x3080      	MOVLW      128
0x02FF	0x0270      	SUBWF      R0, 0
0x0300	0x1D03      	BTFSS      STATUS, 2
0x0301	0x2B04      	GOTO       L__priority279
0x0302	0x3007      	MOVLW      7
0x0303	0x0275      	SUBWF      R5, 0
L__priority279:
0x0304	0x1803      	BTFSC      STATUS, 0
0x0305	0x2B4D      	GOTO       L_priority136
;SireneSt01.c,119 :: 		if(sel1 == 1 && sel2 == 0 && sel3 == 0){
0x0306	0x1C85      	BTFSS      RA1_bit, BitPos(RA1_bit+0)
0x0307	0x2B49      	GOTO       L_priority140
0x0308	0x1805      	BTFSC      RA0_bit, BitPos(RA0_bit+0)
0x0309	0x2B49      	GOTO       L_priority140
0x030A	0x1B85      	BTFSC      RA7_bit, BitPos(RA7_bit+0)
0x030B	0x2B49      	GOTO       L_priority140
L__priority234:
;SireneSt01.c,120 :: 		for(b = 0;b < 5;b++){
0x030C	0x01F3      	CLRF       R3
0x030D	0x01F4      	CLRF       R3+1
L_priority141:
0x030E	0x3080      	MOVLW      128
0x030F	0x0674      	XORWF      R3+1, 0
0x0310	0x00F0      	MOVWF      R0
0x0311	0x3080      	MOVLW      128
0x0312	0x0270      	SUBWF      R0, 0
0x0313	0x1D03      	BTFSS      STATUS, 2
0x0314	0x2B17      	GOTO       L__priority280
0x0315	0x3005      	MOVLW      5
0x0316	0x0273      	SUBWF      R3, 0
L__priority280:
0x0317	0x1803      	BTFSC      STATUS, 0
0x0318	0x2B45      	GOTO       L_priority142
;SireneSt01.c,121 :: 		som1 = 1;
0x0319	0x1786      	BSF        RB7_bit, BitPos(RB7_bit+0)
;SireneSt01.c,122 :: 		som2 = 0;
0x031A	0x1306      	BCF        RB6_bit, BitPos(RB6_bit+0)
;SireneSt01.c,123 :: 		for(a=0;a<freq;a++);
0x031B	0x01F1      	CLRF       R1
0x031C	0x01F2      	CLRF       R1+1
L_priority144:
0x031D	0x3080      	MOVLW      128
0x031E	0x0672      	XORWF      R1+1, 0
0x031F	0x00F0      	MOVWF      R0
0x0320	0x3080      	MOVLW      128
0x0321	0x0678      	XORWF      R7+1, 0
0x0322	0x0270      	SUBWF      R0, 0
0x0323	0x1D03      	BTFSS      STATUS, 2
0x0324	0x2B27      	GOTO       L__priority281
0x0325	0x0877      	MOVF       R7, 0
0x0326	0x0271      	SUBWF      R1, 0
L__priority281:
0x0327	0x1803      	BTFSC      STATUS, 0
0x0328	0x2B2D      	GOTO       L_priority145
0x0329	0x0AF1      	INCF       R1, 1
0x032A	0x1903      	BTFSC      STATUS, 2
0x032B	0x0AF2      	INCF       R1+1, 1
0x032C	0x2B1D      	GOTO       L_priority144
L_priority145:
;SireneSt01.c,124 :: 		som1 = 0;
0x032D	0x1386      	BCF        RB7_bit, BitPos(RB7_bit+0)
;SireneSt01.c,125 :: 		som2 = 1;
0x032E	0x1706      	BSF        RB6_bit, BitPos(RB6_bit+0)
;SireneSt01.c,126 :: 		for(a=0;a<freq;a++);
0x032F	0x01F1      	CLRF       R1
0x0330	0x01F2      	CLRF       R1+1
L_priority147:
0x0331	0x3080      	MOVLW      128
0x0332	0x0672      	XORWF      R1+1, 0
0x0333	0x00F0      	MOVWF      R0
0x0334	0x3080      	MOVLW      128
0x0335	0x0678      	XORWF      R7+1, 0
0x0336	0x0270      	SUBWF      R0, 0
0x0337	0x1D03      	BTFSS      STATUS, 2
0x0338	0x2B3B      	GOTO       L__priority282
0x0339	0x0877      	MOVF       R7, 0
0x033A	0x0271      	SUBWF      R1, 0
L__priority282:
0x033B	0x1803      	BTFSC      STATUS, 0
0x033C	0x2B41      	GOTO       L_priority148
0x033D	0x0AF1      	INCF       R1, 1
0x033E	0x1903      	BTFSC      STATUS, 2
0x033F	0x0AF2      	INCF       R1+1, 1
0x0340	0x2B31      	GOTO       L_priority147
L_priority148:
;SireneSt01.c,120 :: 		for(b = 0;b < 5;b++){
0x0341	0x0AF3      	INCF       R3, 1
0x0342	0x1903      	BTFSC      STATUS, 2
0x0343	0x0AF4      	INCF       R3+1, 1
;SireneSt01.c,127 :: 		}//end for
0x0344	0x2B0E      	GOTO       L_priority141
L_priority142:
;SireneSt01.c,128 :: 		freq = freq+3;
0x0345	0x3003      	MOVLW      3
0x0346	0x07F7      	ADDWF      R7, 1
0x0347	0x1803      	BTFSC      STATUS, 0
0x0348	0x0AF8      	INCF       R7+1, 1
;SireneSt01.c,129 :: 		}//end if
L_priority140:
;SireneSt01.c,118 :: 		for(d = 0;d < 7;d++){
0x0349	0x0AF5      	INCF       R5, 1
0x034A	0x1903      	BTFSC      STATUS, 2
0x034B	0x0AF6      	INCF       R5+1, 1
;SireneSt01.c,130 :: 		}//end for
0x034C	0x2AFB      	GOTO       L_priority135
L_priority136:
;SireneSt01.c,131 :: 		}//end if prio
L_priority119:
;SireneSt01.c,132 :: 		}//end priority
L_end_priority:
0x034D	0x0008      	RETURN
; end of _priority
_man:
;SireneSt01.c,156 :: 		void man(void){               //man
;SireneSt01.c,158 :: 		freq = 25;
0x034E	0x3019      	MOVLW      25
0x034F	0x1283      	BCF        STATUS, 5
0x0350	0x1303      	BCF        STATUS, 6
0x0351	0x00F5      	MOVWF      R5
0x0352	0x3000      	MOVLW      0
0x0353	0x00F6      	MOVWF      R5+1
;SireneSt01.c,159 :: 		while(sel1 == 1 && sel2 == 1 && sel3 == 1){
L_man171:
0x0354	0x1C85      	BTFSS      RA1_bit, BitPos(RA1_bit+0)
0x0355	0x2BA3      	GOTO       L_man172
0x0356	0x1C05      	BTFSS      RA0_bit, BitPos(RA0_bit+0)
0x0357	0x2BA3      	GOTO       L_man172
0x0358	0x1F85      	BTFSS      RA7_bit, BitPos(RA7_bit+0)
0x0359	0x2BA3      	GOTO       L_man172
L__man240:
;SireneSt01.c,162 :: 		for(b = 0;b < 20;b++){   //20
0x035A	0x01F3      	CLRF       R3
0x035B	0x01F4      	CLRF       R3+1
L_man175:
0x035C	0x3080      	MOVLW      128
0x035D	0x0674      	XORWF      R3+1, 0
0x035E	0x00F0      	MOVWF      R0
0x035F	0x3080      	MOVLW      128
0x0360	0x0270      	SUBWF      R0, 0
0x0361	0x1D03      	BTFSS      STATUS, 2
0x0362	0x2B65      	GOTO       L__man291
0x0363	0x3014      	MOVLW      20
0x0364	0x0273      	SUBWF      R3, 0
L__man291:
0x0365	0x1803      	BTFSC      STATUS, 0
0x0366	0x2B9F      	GOTO       L_man176
;SireneSt01.c,163 :: 		som1 = 1;
0x0367	0x1786      	BSF        RB7_bit, BitPos(RB7_bit+0)
;SireneSt01.c,164 :: 		som2 = 0;
0x0368	0x1306      	BCF        RB6_bit, BitPos(RB6_bit+0)
;SireneSt01.c,165 :: 		if(sel1 == 1 && sel2 == 1 && sel3 == 1)for(a=0;a<freq;a++);
0x0369	0x1C85      	BTFSS      RA1_bit, BitPos(RA1_bit+0)
0x036A	0x2B81      	GOTO       L_man180
0x036B	0x1C05      	BTFSS      RA0_bit, BitPos(RA0_bit+0)
0x036C	0x2B81      	GOTO       L_man180
0x036D	0x1F85      	BTFSS      RA7_bit, BitPos(RA7_bit+0)
0x036E	0x2B81      	GOTO       L_man180
L__man239:
0x036F	0x01F1      	CLRF       R1
0x0370	0x01F2      	CLRF       R1+1
L_man181:
0x0371	0x3080      	MOVLW      128
0x0372	0x0672      	XORWF      R1+1, 0
0x0373	0x00F0      	MOVWF      R0
0x0374	0x3080      	MOVLW      128
0x0375	0x0676      	XORWF      R5+1, 0
0x0376	0x0270      	SUBWF      R0, 0
0x0377	0x1D03      	BTFSS      STATUS, 2
0x0378	0x2B7B      	GOTO       L__man292
0x0379	0x0875      	MOVF       R5, 0
0x037A	0x0271      	SUBWF      R1, 0
L__man292:
0x037B	0x1803      	BTFSC      STATUS, 0
0x037C	0x2B81      	GOTO       L_man182
0x037D	0x0AF1      	INCF       R1, 1
0x037E	0x1903      	BTFSC      STATUS, 2
0x037F	0x0AF2      	INCF       R1+1, 1
0x0380	0x2B71      	GOTO       L_man181
L_man182:
L_man180:
;SireneSt01.c,166 :: 		som1 = 0;
0x0381	0x1386      	BCF        RB7_bit, BitPos(RB7_bit+0)
;SireneSt01.c,167 :: 		som2 = 1;
0x0382	0x1706      	BSF        RB6_bit, BitPos(RB6_bit+0)
;SireneSt01.c,168 :: 		if(sel1 == 1 && sel2 == 1 && sel3 == 1)for(a=0;a<freq;a++);
0x0383	0x1C85      	BTFSS      RA1_bit, BitPos(RA1_bit+0)
0x0384	0x2B9B      	GOTO       L_man186
0x0385	0x1C05      	BTFSS      RA0_bit, BitPos(RA0_bit+0)
0x0386	0x2B9B      	GOTO       L_man186
0x0387	0x1F85      	BTFSS      RA7_bit, BitPos(RA7_bit+0)
0x0388	0x2B9B      	GOTO       L_man186
L__man238:
0x0389	0x01F1      	CLRF       R1
0x038A	0x01F2      	CLRF       R1+1
L_man187:
0x038B	0x3080      	MOVLW      128
0x038C	0x0672      	XORWF      R1+1, 0
0x038D	0x00F0      	MOVWF      R0
0x038E	0x3080      	MOVLW      128
0x038F	0x0676      	XORWF      R5+1, 0
0x0390	0x0270      	SUBWF      R0, 0
0x0391	0x1D03      	BTFSS      STATUS, 2
0x0392	0x2B95      	GOTO       L__man293
0x0393	0x0875      	MOVF       R5, 0
0x0394	0x0271      	SUBWF      R1, 0
L__man293:
0x0395	0x1803      	BTFSC      STATUS, 0
0x0396	0x2B9B      	GOTO       L_man188
0x0397	0x0AF1      	INCF       R1, 1
0x0398	0x1903      	BTFSC      STATUS, 2
0x0399	0x0AF2      	INCF       R1+1, 1
0x039A	0x2B8B      	GOTO       L_man187
L_man188:
L_man186:
;SireneSt01.c,162 :: 		for(b = 0;b < 20;b++){   //20
0x039B	0x0AF3      	INCF       R3, 1
0x039C	0x1903      	BTFSC      STATUS, 2
0x039D	0x0AF4      	INCF       R3+1, 1
;SireneSt01.c,169 :: 		}//end for
0x039E	0x2B5C      	GOTO       L_man175
L_man176:
;SireneSt01.c,171 :: 		freq++;
0x039F	0x0AF5      	INCF       R5, 1
0x03A0	0x1903      	BTFSC      STATUS, 2
0x03A1	0x0AF6      	INCF       R5+1, 1
;SireneSt01.c,172 :: 		}//end if
0x03A2	0x2B54      	GOTO       L_man171
L_man172:
;SireneSt01.c,187 :: 		}//end man
L_end_man:
0x03A3	0x0008      	RETURN
; end of _man
_main:
;SireneSt01.c,193 :: 		void main(){
;SireneSt01.c,195 :: 		CMCON = 0b00001111;
0x03A4	0x300F      	MOVLW      15
0x03A5	0x1283      	BCF        STATUS, 5
0x03A6	0x1303      	BCF        STATUS, 6
0x03A7	0x009F      	MOVWF      CMCON
;SireneSt01.c,197 :: 		TRISA = 0b10000011;        //0 COMO SAIDA 1 COMO ENTRADA
0x03A8	0x3083      	MOVLW      131
0x03A9	0x1683      	BSF        STATUS, 5
0x03AA	0x0085      	MOVWF      TRISA
;SireneSt01.c,198 :: 		TRISB = 0b00000000;        //0 COMO SAIDA 1 COMO ENTRADA
0x03AB	0x0186      	CLRF       TRISB
;SireneSt01.c,200 :: 		PORTA = 0;
0x03AC	0x1283      	BCF        STATUS, 5
0x03AD	0x0185      	CLRF       PORTA
;SireneSt01.c,201 :: 		PORTB = 0;
0x03AE	0x0186      	CLRF       PORTB
;SireneSt01.c,203 :: 		while (1){
L_main190:
;SireneSt01.c,204 :: 		if(sel1 == 0 && sel2 == 0 && sel3 == 1)wail();
0x03AF	0x1885      	BTFSC      RA1_bit, BitPos(RA1_bit+0)
0x03B0	0x2BB6      	GOTO       L_main194
0x03B1	0x1805      	BTFSC      RA0_bit, BitPos(RA0_bit+0)
0x03B2	0x2BB6      	GOTO       L_main194
0x03B3	0x1F85      	BTFSS      RA7_bit, BitPos(RA7_bit+0)
0x03B4	0x2BB6      	GOTO       L_main194
L__main248:
0x03B5	0x2003      	CALL       _wail
L_main194:
;SireneSt01.c,205 :: 		if(sel1 == 0 && sel2 == 1 && sel3 == 0)yelp();
0x03B6	0x1885      	BTFSC      RA1_bit, BitPos(RA1_bit+0)
0x03B7	0x2BBD      	GOTO       L_main197
0x03B8	0x1C05      	BTFSS      RA0_bit, BitPos(RA0_bit+0)
0x03B9	0x2BBD      	GOTO       L_main197
0x03BA	0x1B85      	BTFSC      RA7_bit, BitPos(RA7_bit+0)
0x03BB	0x2BBD      	GOTO       L_main197
L__main247:
0x03BC	0x20CF      	CALL       _yelp
L_main197:
;SireneSt01.c,206 :: 		if(sel1 == 0 && sel2 == 1 && sel3 == 1)hilo();
0x03BD	0x1885      	BTFSC      RA1_bit, BitPos(RA1_bit+0)
0x03BE	0x2BC4      	GOTO       L_main200
0x03BF	0x1C05      	BTFSS      RA0_bit, BitPos(RA0_bit+0)
0x03C0	0x2BC4      	GOTO       L_main200
0x03C1	0x1F85      	BTFSS      RA7_bit, BitPos(RA7_bit+0)
0x03C2	0x2BC4      	GOTO       L_main200
L__main246:
0x03C3	0x2184      	CALL       _hilo
L_main200:
;SireneSt01.c,207 :: 		if(sel1 == 1 && sel2 == 0 && sel3 == 0)priority();
0x03C4	0x1C85      	BTFSS      RA1_bit, BitPos(RA1_bit+0)
0x03C5	0x2BCB      	GOTO       L_main203
0x03C6	0x1805      	BTFSC      RA0_bit, BitPos(RA0_bit+0)
0x03C7	0x2BCB      	GOTO       L_main203
0x03C8	0x1B85      	BTFSC      RA7_bit, BitPos(RA7_bit+0)
0x03C9	0x2BCB      	GOTO       L_main203
L__main245:
0x03CA	0x2299      	CALL       _priority
L_main203:
;SireneSt01.c,208 :: 		if(sel1 == 1 && sel2 == 0 && sel3 == 1)horn();
0x03CB	0x1C85      	BTFSS      RA1_bit, BitPos(RA1_bit+0)
0x03CC	0x2BD2      	GOTO       L_main206
0x03CD	0x1805      	BTFSC      RA0_bit, BitPos(RA0_bit+0)
0x03CE	0x2BD2      	GOTO       L_main206
0x03CF	0x1F85      	BTFSS      RA7_bit, BitPos(RA7_bit+0)
0x03D0	0x2BD2      	GOTO       L_main206
L__main244:
0x03D1	0x2222      	CALL       _horn
L_main206:
;SireneSt01.c,209 :: 		if(sel1 == 1 && sel2 == 1 && sel3 == 0)yelp2();
0x03D2	0x1C85      	BTFSS      RA1_bit, BitPos(RA1_bit+0)
0x03D3	0x2BD9      	GOTO       L_main209
0x03D4	0x1C05      	BTFSS      RA0_bit, BitPos(RA0_bit+0)
0x03D5	0x2BD9      	GOTO       L_main209
0x03D6	0x1B85      	BTFSC      RA7_bit, BitPos(RA7_bit+0)
0x03D7	0x2BD9      	GOTO       L_main209
L__main243:
0x03D8	0x2221      	CALL       _yelp2
L_main209:
;SireneSt01.c,210 :: 		if(sel1 == 1 && sel2 == 1 && sel3 == 1)man();
0x03D9	0x1C85      	BTFSS      RA1_bit, BitPos(RA1_bit+0)
0x03DA	0x2BE0      	GOTO       L_main212
0x03DB	0x1C05      	BTFSS      RA0_bit, BitPos(RA0_bit+0)
0x03DC	0x2BE0      	GOTO       L_main212
0x03DD	0x1F85      	BTFSS      RA7_bit, BitPos(RA7_bit+0)
0x03DE	0x2BE0      	GOTO       L_main212
L__main242:
0x03DF	0x234E      	CALL       _man
L_main212:
;SireneSt01.c,211 :: 		while(sel1 == 0 && sel2 == 0 && sel3 == 0)som1 = 0;
L_main213:
0x03E0	0x1885      	BTFSC      RA1_bit, BitPos(RA1_bit+0)
0x03E1	0x2BE8      	GOTO       L_main214
0x03E2	0x1805      	BTFSC      RA0_bit, BitPos(RA0_bit+0)
0x03E3	0x2BE8      	GOTO       L_main214
0x03E4	0x1B85      	BTFSC      RA7_bit, BitPos(RA7_bit+0)
0x03E5	0x2BE8      	GOTO       L_main214
L__main241:
0x03E6	0x1386      	BCF        RB7_bit, BitPos(RB7_bit+0)
0x03E7	0x2BE0      	GOTO       L_main213
L_main214:
;SireneSt01.c,212 :: 		}//end while
0x03E8	0x2BAF      	GOTO       L_main190
;SireneSt01.c,213 :: 		}//end main
L_end_main:
0x03E9	0x2BE9      	GOTO       $+0
; end of _main
Symbol List:
//** Routines locations **
//ADDRESS    SIZE    PROCEDURE
//----------------------------------------------
0x0003     [204]    _wail
0x00CF     [181]    _yelp
0x0184     [157]    _hilo
0x0221       [1]    _yelp2
0x0222     [119]    _horn
0x0299     [181]    _priority
0x034E      [86]    _man
0x03A4      [70]    _main
//** Variables locations ** 
//ADDRESS    SIZE    VARIABLE
//----------------------------------------------
0x0000       [1]    INDF
0x0003       [1]    STATUS
0x0004       [1]    FSR
0x0005       [0]    RA0_bit
0x0005       [0]    RA1_bit
0x0005       [0]    RA7_bit
0x0005       [1]    PORTA
0x0006       [0]    RB7_bit
0x0006       [0]    RB6_bit
0x0006       [1]    PORTB
0x000A       [1]    PCLATH
0x001F       [1]    CMCON
0x0020       [2]    ___DoICPAddr
0x0070       [1]    R0
0x0071       [1]    R1
0x0072       [1]    R2
0x0073       [1]    R3
0x0074       [1]    R4
0x0075       [1]    R5
0x0076       [1]    R6
0x0077       [1]    R7
0x0078       [1]    R8
0x0079       [1]    R9
0x007A       [1]    R10
0x007B       [1]    R11
0x007C       [1]    R12
0x007D       [1]    R13
0x007E       [1]    R14
0x007F       [1]    R15
0x0085       [1]    TRISA
0x0086       [1]    TRISB
